<?xml version="1.0" encoding="UTF-8"?>
<testsuite xmlns:xsi="http://www.w3.org/2001/XMLSchema-instance" xsi:noNamespaceSchemaLocation="https://maven.apache.org/surefire/maven-surefire-plugin/xsd/surefire-test-report.xsd" name="TestSuite" time="194.538" tests="9" errors="0" skipped="1" failures="2">
  <properties>
[...]
</properties>
  <testcase name="testLogin" classname="com.actiTime.testScripts.login.TestLoginFlow" time="8.724"/>
  <testcase name="testLogout" classname="com.actiTime.testScripts.login.TestLoginFlow" time="3.033"/>
  <testcase name="testLogin" classname="com.actiTime.testScripts.login.TestLoginwithInputFromPropertiesFile" time="5.738"/>
  <testcase name="testLogout" classname="com.actiTime.testScripts.login.TestLoginwithInputFromPropertiesFile" time="3.623">
    <failure message="expected [true] but found [false]" type="java.lang.AssertionError">java.lang.AssertionError: expected [true] but found [false]
	at com.actiTime.testScripts.login.TestLoginwithInputFromPropertiesFile.testLogout(TestLoginwithInputFromPropertiesFile.java:37)
</failure>
    <system-out><![CDATA[2017-08-06 13:07:02 [main] INFO  com.actiTime.customListner.Listener - Test passed--->[testLogin()]
2017-08-06 13:07:02 [main] INFO  com.actiTime.customListner.Listener - Test started--->[testLogout()]
2017-08-06 13:07:02 [main] INFO  c.a.pageLibrary.loginPage.LoginPage - clickOnLogoutButton
]]></system-out>
  </testcase>
  <testcase name="testLoginWithParameterization" classname="com.actiTime.testScripts.login.TestLoginWithParameterization" time="8.107"/>
  <testcase name="testLoginWithParameterization" classname="com.actiTime.testScripts.login.TestLoginWithParameterization" time="0">
    <skipped message="Skipped Test case is"/>
    <system-out><![CDATA[2017-08-06 13:07:32 [main] INFO  com.actiTime.customListner.Listener - Test passed--->[testLoginWithParameterization()]
2017-08-06 13:07:32 [main] INFO  com.actiTime.customListner.Listener - Test started--->[testLoginWithParameterization()]
]]></system-out>
  </testcase>
  <testcase name="testLoginWithParameterization" classname="com.actiTime.testScripts.login.TestLoginWithParameterization" time="7.063"/>
  <testcase name="testOrderHistory" classname="com.actiTime.testScripts.placingOrders.TestOrderHistory" time="3.979"/>
  <testcase name="testUpdateAddress" classname="com.actiTime.testScripts.placingOrders.TestUpdateMyAddresses" time="12.262">
    <failure message="expected [true] but found [false]" type="java.lang.AssertionError">java.lang.AssertionError: expected [true] but found [false]
	at com.actiTime.testScripts.placingOrders.TestUpdateMyAddresses.testUpdateAddress(TestUpdateMyAddresses.java:32)
</failure>
    <system-out><![CDATA[2017-08-06 13:08:01 [main] INFO  com.actiTime.customListner.Listener - Test passed--->[testOrderHistory()]
2017-08-06 13:08:02 [main] INFO  com.actiTime.testUtils.DriverManager - Launching chrome browser...
2017-08-06 13:08:13 [main] INFO  com.actiTime.customListner.Listener - Test started--->[testUpdateAddress()]
2017-08-06 13:08:13 [main] INFO  c.a.pageLibrary.loginPage.LoginPage - loginToApplication
2017-08-06 13:08:13 [main] INFO  c.a.pageLibrary.loginPage.LoginPage - enterUsername
2017-08-06 13:08:13 [main] INFO  c.a.pageLibrary.loginPage.LoginPage - enterPassword
2017-08-06 13:08:14 [main] INFO  c.a.pageLibrary.loginPage.LoginPage - clickOnLoginButton
2017-08-06 13:08:17 [main] INFO  c.a.pageLibrary.loginPage.LoginPage - isLoginSuccessful
2017-08-06 13:08:17 [main] INFO  c.a.pageLibrary.loginPage.LoginPage - clickOnMyAddresses
2017-08-06 13:08:19 [main] INFO  c.a.pageLibrary.loginPage.LoginPage - clickOnUpdateAddress
2017-08-06 13:08:22 [main] INFO  c.a.pageLibrary.loginPage.LoginPage - enterCompanyAddress
2017-08-06 13:08:22 [main] INFO  c.a.pageLibrary.loginPage.LoginPage - clickOnSaveAddress
2017-08-06 13:08:25 [main] INFO  c.a.pageLibrary.loginPage.LoginPage - isAddressUpdateSuccessful
]]></system-out>
    <system-err><![CDATA[Starting ChromeDriver 2.30.477700 (0057494ad8732195794a7b32078424f92a5fce41) on port 13282
Only local connections are allowed.
Aug 06, 2017 1:08:04 PM org.openqa.selenium.remote.ProtocolHandshake createSession
INFO: Detected dialect: OSS
]]></system-err>
  </testcase>
</testsuite>